###############################################################################
#
# IAR ANSI C/C++ Compiler V7.20.2.7424/W32 for ARM        10/Apr/2016  21:40:44
# Copyright 1999-2014 IAR Systems AB.
#
#    Cpu mode     =  thumb
#    Endian       =  little
#    Source file  =  
#        C:\Users\zyh\Desktop\飞思卡尔\软件组作业一（2015.11.23）\拉普兰德例程及OLED测试程序\project\TJU_SC11_ElecTrail\app\data_send.c
#    Command line =  
#        C:\Users\zyh\Desktop\飞思卡尔\软件组作业一（2015.11.23）\拉普兰德例程及OLED测试程序\project\TJU_SC11_ElecTrail\app\data_send.c
#        -D LPLD_K60 -lCN
#        C:\Users\zyh\Desktop\飞思卡尔\软件组作业一（2015.11.23）\拉普兰德例程及OLED测试程序\project\TJU_SC11_ElecTrail\iar\RAM\List\
#        -lB
#        C:\Users\zyh\Desktop\飞思卡尔\软件组作业一（2015.11.23）\拉普兰德例程及OLED测试程序\project\TJU_SC11_ElecTrail\iar\RAM\List\
#        -o
#        C:\Users\zyh\Desktop\飞思卡尔\软件组作业一（2015.11.23）\拉普兰德例程及OLED测试程序\project\TJU_SC11_ElecTrail\iar\RAM\Obj\
#        --no_cse --no_unroll --no_inline --no_code_motion --no_tbaa
#        --no_clustering --no_scheduling --debug --endian=little
#        --cpu=Cortex-M4 -e --fpu=None --dlib_config "D:\IAR Systems\Embedded
#        Workbench 7.0\arm\INC\c\DLib_Config_Normal.h" -I
#        C:\Users\zyh\Desktop\飞思卡尔\软件组作业一（2015.11.23）\拉普兰德例程及OLED测试程序\project\TJU_SC11_ElecTrail\iar\..\app\
#        -I
#        C:\Users\zyh\Desktop\飞思卡尔\软件组作业一（2015.11.23）\拉普兰德例程及OLED测试程序\project\TJU_SC11_ElecTrail\iar\..\..\..\lib\CPU\
#        -I
#        C:\Users\zyh\Desktop\飞思卡尔\软件组作业一（2015.11.23）\拉普兰德例程及OLED测试程序\project\TJU_SC11_ElecTrail\iar\..\..\..\lib\common\
#        -I
#        C:\Users\zyh\Desktop\飞思卡尔\软件组作业一（2015.11.23）\拉普兰德例程及OLED测试程序\project\TJU_SC11_ElecTrail\iar\..\..\..\lib\LPLD\
#        -I
#        C:\Users\zyh\Desktop\飞思卡尔\软件组作业一（2015.11.23）\拉普兰德例程及OLED测试程序\project\TJU_SC11_ElecTrail\iar\..\..\..\lib\LPLD\HW\
#        -I
#        C:\Users\zyh\Desktop\飞思卡尔\软件组作业一（2015.11.23）\拉普兰德例程及OLED测试程序\project\TJU_SC11_ElecTrail\iar\..\..\..\lib\LPLD\DEV\
#        -I
#        C:\Users\zyh\Desktop\飞思卡尔\软件组作业一（2015.11.23）\拉普兰德例程及OLED测试程序\project\TJU_SC11_ElecTrail\iar\..\..\..\lib\uCOS-II\Ports\
#        -I
#        C:\Users\zyh\Desktop\飞思卡尔\软件组作业一（2015.11.23）\拉普兰德例程及OLED测试程序\project\TJU_SC11_ElecTrail\iar\..\..\..\lib\uCOS-II\Source\
#        -I
#        C:\Users\zyh\Desktop\飞思卡尔\软件组作业一（2015.11.23）\拉普兰德例程及OLED测试程序\project\TJU_SC11_ElecTrail\iar\..\..\..\lib\FatFs\
#        -I
#        C:\Users\zyh\Desktop\飞思卡尔\软件组作业一（2015.11.23）\拉普兰德例程及OLED测试程序\project\TJU_SC11_ElecTrail\iar\..\..\..\lib\FatFs\option\
#        -I
#        C:\Users\zyh\Desktop\飞思卡尔\软件组作业一（2015.11.23）\拉普兰德例程及OLED测试程序\project\TJU_SC11_ElecTrail\iar\..\..\..\lib\USB\common\
#        -I
#        C:\Users\zyh\Desktop\飞思卡尔\软件组作业一（2015.11.23）\拉普兰德例程及OLED测试程序\project\TJU_SC11_ElecTrail\iar\..\..\..\lib\USB\driver\
#        -I
#        C:\Users\zyh\Desktop\飞思卡尔\软件组作业一（2015.11.23）\拉普兰德例程及OLED测试程序\project\TJU_SC11_ElecTrail\iar\..\..\..\lib\USB\descriptor\
#        -I
#        C:\Users\zyh\Desktop\飞思卡尔\软件组作业一（2015.11.23）\拉普兰德例程及OLED测试程序\project\TJU_SC11_ElecTrail\iar\..\..\..\lib\USB\class\
#        -Ol -I "D:\IAR Systems\Embedded Workbench 7.0\arm\CMSIS\Include\" -D
#        ARM_MATH_CM4
#    List file    =  
#        C:\Users\zyh\Desktop\飞思卡尔\软件组作业一（2015.11.23）\拉普兰德例程及OLED测试程序\project\TJU_SC11_ElecTrail\iar\RAM\List\data_send.lst
#    Object file  =  
#        C:\Users\zyh\Desktop\飞思卡尔\软件组作业一（2015.11.23）\拉普兰德例程及OLED测试程序\project\TJU_SC11_ElecTrail\iar\RAM\Obj\data_send.o
#
###############################################################################

C:\Users\zyh\Desktop\飞思卡尔\软件组作业一（2015.11.23）\拉普兰德例程及OLED测试程序\project\TJU_SC11_ElecTrail\app\data_send.c
      1          #include "data_send.h"
      2          
      3          #if 1/*************************数据存储************************/
      4          
      5          
      6          #endif


 

 


Errors: none
Warnings: none
