###############################################################################
#
# IAR ANSI C/C++ Compiler V7.20.2.7424/W32 for ARM        10/Apr/2016  21:40:49
# Copyright 1999-2014 IAR Systems AB.
#
#    Cpu mode     =  thumb
#    Endian       =  little
#    Source file  =  
#        C:\Users\zyh\Desktop\飞思卡尔\软件组作业一（2015.11.23）\拉普兰德例程及OLED测试程序\lib\LPLD\HW\HW_FLEXBUS.c
#    Command line =  
#        C:\Users\zyh\Desktop\飞思卡尔\软件组作业一（2015.11.23）\拉普兰德例程及OLED测试程序\lib\LPLD\HW\HW_FLEXBUS.c
#        -D LPLD_K60 -lCN
#        C:\Users\zyh\Desktop\飞思卡尔\软件组作业一（2015.11.23）\拉普兰德例程及OLED测试程序\project\TJU_SC11_ElecTrail\iar\RAM\List\
#        -lB
#        C:\Users\zyh\Desktop\飞思卡尔\软件组作业一（2015.11.23）\拉普兰德例程及OLED测试程序\project\TJU_SC11_ElecTrail\iar\RAM\List\
#        -o
#        C:\Users\zyh\Desktop\飞思卡尔\软件组作业一（2015.11.23）\拉普兰德例程及OLED测试程序\project\TJU_SC11_ElecTrail\iar\RAM\Obj\
#        --no_cse --no_unroll --no_inline --no_code_motion --no_tbaa
#        --no_clustering --no_scheduling --debug --endian=little
#        --cpu=Cortex-M4 -e --fpu=None --dlib_config "D:\IAR Systems\Embedded
#        Workbench 7.0\arm\INC\c\DLib_Config_Normal.h" -I
#        C:\Users\zyh\Desktop\飞思卡尔\软件组作业一（2015.11.23）\拉普兰德例程及OLED测试程序\project\TJU_SC11_ElecTrail\iar\..\app\
#        -I
#        C:\Users\zyh\Desktop\飞思卡尔\软件组作业一（2015.11.23）\拉普兰德例程及OLED测试程序\project\TJU_SC11_ElecTrail\iar\..\..\..\lib\CPU\
#        -I
#        C:\Users\zyh\Desktop\飞思卡尔\软件组作业一（2015.11.23）\拉普兰德例程及OLED测试程序\project\TJU_SC11_ElecTrail\iar\..\..\..\lib\common\
#        -I
#        C:\Users\zyh\Desktop\飞思卡尔\软件组作业一（2015.11.23）\拉普兰德例程及OLED测试程序\project\TJU_SC11_ElecTrail\iar\..\..\..\lib\LPLD\
#        -I
#        C:\Users\zyh\Desktop\飞思卡尔\软件组作业一（2015.11.23）\拉普兰德例程及OLED测试程序\project\TJU_SC11_ElecTrail\iar\..\..\..\lib\LPLD\HW\
#        -I
#        C:\Users\zyh\Desktop\飞思卡尔\软件组作业一（2015.11.23）\拉普兰德例程及OLED测试程序\project\TJU_SC11_ElecTrail\iar\..\..\..\lib\LPLD\DEV\
#        -I
#        C:\Users\zyh\Desktop\飞思卡尔\软件组作业一（2015.11.23）\拉普兰德例程及OLED测试程序\project\TJU_SC11_ElecTrail\iar\..\..\..\lib\uCOS-II\Ports\
#        -I
#        C:\Users\zyh\Desktop\飞思卡尔\软件组作业一（2015.11.23）\拉普兰德例程及OLED测试程序\project\TJU_SC11_ElecTrail\iar\..\..\..\lib\uCOS-II\Source\
#        -I
#        C:\Users\zyh\Desktop\飞思卡尔\软件组作业一（2015.11.23）\拉普兰德例程及OLED测试程序\project\TJU_SC11_ElecTrail\iar\..\..\..\lib\FatFs\
#        -I
#        C:\Users\zyh\Desktop\飞思卡尔\软件组作业一（2015.11.23）\拉普兰德例程及OLED测试程序\project\TJU_SC11_ElecTrail\iar\..\..\..\lib\FatFs\option\
#        -I
#        C:\Users\zyh\Desktop\飞思卡尔\软件组作业一（2015.11.23）\拉普兰德例程及OLED测试程序\project\TJU_SC11_ElecTrail\iar\..\..\..\lib\USB\common\
#        -I
#        C:\Users\zyh\Desktop\飞思卡尔\软件组作业一（2015.11.23）\拉普兰德例程及OLED测试程序\project\TJU_SC11_ElecTrail\iar\..\..\..\lib\USB\driver\
#        -I
#        C:\Users\zyh\Desktop\飞思卡尔\软件组作业一（2015.11.23）\拉普兰德例程及OLED测试程序\project\TJU_SC11_ElecTrail\iar\..\..\..\lib\USB\descriptor\
#        -I
#        C:\Users\zyh\Desktop\飞思卡尔\软件组作业一（2015.11.23）\拉普兰德例程及OLED测试程序\project\TJU_SC11_ElecTrail\iar\..\..\..\lib\USB\class\
#        -Ol -I "D:\IAR Systems\Embedded Workbench 7.0\arm\CMSIS\Include\" -D
#        ARM_MATH_CM4
#    List file    =  
#        C:\Users\zyh\Desktop\飞思卡尔\软件组作业一（2015.11.23）\拉普兰德例程及OLED测试程序\project\TJU_SC11_ElecTrail\iar\RAM\List\HW_FLEXBUS.lst
#    Object file  =  
#        C:\Users\zyh\Desktop\飞思卡尔\软件组作业一（2015.11.23）\拉普兰德例程及OLED测试程序\project\TJU_SC11_ElecTrail\iar\RAM\Obj\HW_FLEXBUS.o
#
###############################################################################

C:\Users\zyh\Desktop\飞思卡尔\软件组作业一（2015.11.23）\拉普兰德例程及OLED测试程序\lib\LPLD\HW\HW_FLEXBUS.c
      1          /**
      2           * @file HW_FLEXBUS.c
      3           * @version 3.0[By LPLD]
      4           * @date 2013-06-18
      5           * @brief FLEXBUS底层模块相关函数
      6           *
      7           * 更改建议:不建议修改
      8           *
      9           * 版权所有:北京拉普兰德电子技术有限公司
     10           * http://www.lpld.cn
     11           * mail:support@lpld.cn
     12           *
     13           * @par
     14           * 本代码由拉普兰德[LPLD]开发并维护，并向所有使用者开放源代码。
     15           * 开发者可以随意修使用或改源代码。但本段及以上注释应予以保留。
     16           * 不得更改或删除原版权所有者姓名，二次开发者可以加注二次版权所有者。
     17           * 但应在遵守此协议的基础上，开放源代码、不得出售代码本身。
     18           * 拉普兰德不负责由于使用本代码所带来的任何事故、法律责任或相关不良影响。
     19           * 拉普兰德无义务解释、说明本代码的具体原理、功能、实现方法。
     20           * 除非拉普兰德[LPLD]授权，开发者不得将本代码用于商业产品。
     21           */
     22          
     23          #include "common.h"
     24          #include "HW_FLEXBUS.h"
     25          

   \                                 In section .data, align 4
     26          const uint32* FB_PORT[32] = {(uint32*)&PORTD->PCR[6], (uint32*)&PORTD->PCR[5], (uint32*)&PORTD->PCR[4], (uint32*)&PORTD->PCR[3],
   \                     FB_PORT:
   \   00000000   0x4004C018         DC32 4004C018H, 4004C014H, 4004C010H, 4004C00CH, 4004C008H, 4004B028H
   \              0x4004C014   
   \              0x4004C010   
   \              0x4004C00C   
   \              0x4004C008   
   \              0x4004B028   
   \   00000018   0x4004B024         DC32 4004B024H, 4004B020H, 4004B01CH, 4004B018H, 4004B014H, 4004B010H
   \              0x4004B020   
   \              0x4004B01C   
   \              0x4004B018   
   \              0x4004B014   
   \              0x4004B010   
   \   00000030   0x4004B008         DC32 4004B008H, 4004B004H, 4004B000H, 4004A048H, 4004A044H, 4004A040H
   \              0x4004B004   
   \              0x4004B000   
   \              0x4004A048   
   \              0x4004A044   
   \              0x4004A040   
   \   00000048   0x4004A02C         DC32 4004A02CH, 4004A028H, 4004A024H, 4004A020H, 4004A01CH, 4004A018H
   \              0x4004A028   
   \              0x4004A024   
   \              0x4004A020   
   \              0x4004A01C   
   \              0x4004A018   
   \   00000060   0x4004B03C         DC32 4004B03CH, 4004B038H, 4004B034H, 4004B030H, 4004A05CH, 4004A058H
   \              0x4004B038   
   \              0x4004B034   
   \              0x4004B030   
   \              0x4004A05C   
   \              0x4004A058   
   \   00000078   0x4004A054         DC32 4004A054H, 4004A050H
   \              0x4004A050   
     27                                       (uint32*)&PORTD->PCR[2], (uint32*)&PORTC->PCR[10], (uint32*)&PORTC->PCR[9], (uint32*)&PORTC->PCR[8],
     28                                       (uint32*)&PORTC->PCR[7], (uint32*)&PORTC->PCR[6], (uint32*)&PORTC->PCR[5], (uint32*)&PORTC->PCR[4],
     29                                       (uint32*)&PORTC->PCR[2], (uint32*)&PORTC->PCR[1], (uint32*)&PORTC->PCR[0], (uint32*)&PORTB->PCR[18],
     30                                       (uint32*)&PORTB->PCR[17], (uint32*)&PORTB->PCR[16], (uint32*)&PORTB->PCR[11], (uint32*)&PORTB->PCR[10],
     31                                       (uint32*)&PORTB->PCR[9], (uint32*)&PORTB->PCR[8], (uint32*)&PORTB->PCR[7], (uint32*)&PORTB->PCR[6],
     32                                       (uint32*)&PORTC->PCR[15], (uint32*)&PORTC->PCR[14], (uint32*)&PORTC->PCR[13], (uint32*)&PORTC->PCR[12],
     33                                       (uint32*)&PORTB->PCR[23], (uint32*)&PORTB->PCR[22], (uint32*)&PORTB->PCR[21], (uint32*)&PORTB->PCR[20]};
     34          
     35          /*
     36           * LPLD_FlexBus_Init
     37           * FlexBux通用初始化函数
     38           * 
     39           * 参数:
     40           *    fb_init_struct--FlexBus初始化结构体，
     41           *                        具体定义见FB_InitTypeDef
     42           *
     43           * 输出:
     44           *    0--配置错误
     45           *    1--配置成功
     46           */

   \                                 In section .text, align 4, keep-with-next
     47          uint8 LPLD_FlexBus_Init(FB_InitTypeDef fb_init_struct)
     48          {
   \                     LPLD_FlexBus_Init: (+1)
   \   00000000   0xB40F             PUSH     {R0-R3}
   \   00000002   0xE92D 0x47F0      PUSH     {R4-R10,LR}
     49            FBx Fbx = fb_init_struct.FB_Fbx;
   \   00000006   0xF89D 0x4020      LDRB     R4,[SP, #+32]
     50            uint32 base_addr = fb_init_struct.FB_ChipSelAddress;
   \   0000000A   0xF8DD 0xE024      LDR      LR,[SP, #+36]
     51            uint32 addr_space = fb_init_struct.FB_AddressSpace;
   \   0000000E   0x980A             LDR      R0,[SP, #+40]
     52            uint8 size = fb_init_struct.FB_PortSize;
   \   00000010   0xF89D 0x102C      LDRB     R1,[SP, #+44]
     53            boolean justied = fb_init_struct.FB_IsRightJustied;
   \   00000014   0xF89D 0x202D      LDRB     R2,[SP, #+45]
     54            boolean aa = fb_init_struct.FB_AutoAckEnable;
   \   00000018   0xF89D 0xC02E      LDRB     R12,[SP, #+46]
     55            uint8 ws = fb_init_struct.FB_WateStates;
   \   0000001C   0xF89D 0x502F      LDRB     R5,[SP, #+47]
     56            uint8 rah = fb_init_struct.FB_ReadAddrHold; 
   \   00000020   0xF89D 0x6030      LDRB     R6,[SP, #+48]
     57            uint8 wah = fb_init_struct.FB_WriteAddrHold;
   \   00000024   0xF89D 0x7031      LDRB     R7,[SP, #+49]
     58            uint32* pcr;
     59            uint8 n=0;
   \   00000028   0x2300             MOVS     R3,#+0
     60            
     61            //参数检查
     62            ASSERT( Fbx <= 5);    //判断FB通道号
     63            ASSERT( base_addr >= 0x60000000 && base_addr <= 0xDFFFFFFF);    //判断基地址合法性
     64            ASSERT( addr_space != 0);    //寻址空间大小
     65            ASSERT( size <= 3);    //判断数据位宽
     66            ASSERT( rah <= 3);     //判断读地址保持时间
     67            ASSERT( wah <= 3);     //判断写地址保持时间
     68            
     69            FB->CS[Fbx].CSMR = 0;
   \   0000002A   0xF05F 0x0800      MOVS     R8,#+0
   \   0000002E   0xF8DF 0x937C      LDR.W    R9,??LPLD_FlexBus_Init_0  ;; 0x4000c000
   \   00000032   0xB2E4             UXTB     R4,R4            ;; ZeroExt  R4,R4,#+24,#+24
   \   00000034   0xF05F 0x0A0C      MOVS     R10,#+12
   \   00000038   0xFB0A 0x9904      MLA      R9,R10,R4,R9
   \   0000003C   0xF8C9 0x8004      STR      R8,[R9, #+4]
     70                
     71            //设置基地址
     72            FB->CS[Fbx].CSAR = base_addr;
   \   00000040   0xF8DF 0x8368      LDR.W    R8,??LPLD_FlexBus_Init_0  ;; 0x4000c000
   \   00000044   0xB2E4             UXTB     R4,R4            ;; ZeroExt  R4,R4,#+24,#+24
   \   00000046   0xF05F 0x090C      MOVS     R9,#+12
   \   0000004A   0xFB09 0x8804      MLA      R8,R9,R4,R8
   \   0000004E   0xF8C8 0xE000      STR      LR,[R8, #+0]
     73            //端口位宽
     74            FB->CS[Fbx].CSCR  = FB_CSCR_PS(size);      
   \   00000052   0xB2C9             UXTB     R1,R1            ;; ZeroExt  R1,R1,#+24,#+24
   \   00000054   0xEA5F 0x1E81      LSLS     LR,R1,#+6
   \   00000058   0xF01E 0x0EC0      ANDS     LR,LR,#0xC0
   \   0000005C   0xF8DF 0x834C      LDR.W    R8,??LPLD_FlexBus_Init_0  ;; 0x4000c000
   \   00000060   0xB2E4             UXTB     R4,R4            ;; ZeroExt  R4,R4,#+24,#+24
   \   00000062   0xF05F 0x090C      MOVS     R9,#+12
   \   00000066   0xFB09 0x8804      MLA      R8,R9,R4,R8
   \   0000006A   0xF8C8 0xE008      STR      LR,[R8, #+8]
     75            
     76            if(justied)
   \   0000006E   0xB2D2             UXTB     R2,R2            ;; ZeroExt  R2,R2,#+24,#+24
   \   00000070   0x2A00             CMP      R2,#+0
   \   00000072   0xD012             BEQ.N    ??LPLD_FlexBus_Init_1
     77            {
     78              FB->CS[Fbx].CSCR |= FB_CSCR_BLS_MASK;   // 数据右对齐
   \   00000074   0xF8DF 0x3334      LDR.W    R3,??LPLD_FlexBus_Init_0  ;; 0x4000c000
   \   00000078   0xB2E4             UXTB     R4,R4            ;; ZeroExt  R4,R4,#+24,#+24
   \   0000007A   0xF05F 0x0E0C      MOVS     LR,#+12
   \   0000007E   0xFB0E 0x3304      MLA      R3,LR,R4,R3
   \   00000082   0x689B             LDR      R3,[R3, #+8]
   \   00000084   0xF453 0x7300      ORRS     R3,R3,#0x200
   \   00000088   0xF8DF 0xE320      LDR.W    LR,??LPLD_FlexBus_Init_0  ;; 0x4000c000
   \   0000008C   0xB2E4             UXTB     R4,R4            ;; ZeroExt  R4,R4,#+24,#+24
   \   0000008E   0xF05F 0x080C      MOVS     R8,#+12
   \   00000092   0xFB08 0xEE04      MLA      LR,R8,R4,LR
   \   00000096   0xF8CE 0x3008      STR      R3,[LR, #+8]
     79            }
     80                
     81            if(aa)    
   \                     ??LPLD_FlexBus_Init_1: (+1)
   \   0000009A   0xFA5F 0xFC8C      UXTB     R12,R12          ;; ZeroExt  R12,R12,#+24,#+24
   \   0000009E   0xF1BC 0x0F00      CMP      R12,#+0
   \   000000A2   0xD011             BEQ.N    ??LPLD_FlexBus_Init_2
     82            {
     83              FB->CS[Fbx].CSCR |= FB_CSCR_AA_MASK;   //使能内部应答
   \   000000A4   0x4BC1             LDR.N    R3,??LPLD_FlexBus_Init_0  ;; 0x4000c000
   \   000000A6   0xB2E4             UXTB     R4,R4            ;; ZeroExt  R4,R4,#+24,#+24
   \   000000A8   0xF05F 0x0C0C      MOVS     R12,#+12
   \   000000AC   0xFB0C 0x3304      MLA      R3,R12,R4,R3
   \   000000B0   0x689B             LDR      R3,[R3, #+8]
   \   000000B2   0xF453 0x7380      ORRS     R3,R3,#0x100
   \   000000B6   0xF8DF 0xC2F4      LDR.W    R12,??LPLD_FlexBus_Init_0  ;; 0x4000c000
   \   000000BA   0xB2E4             UXTB     R4,R4            ;; ZeroExt  R4,R4,#+24,#+24
   \   000000BC   0xF05F 0x0E0C      MOVS     LR,#+12
   \   000000C0   0xFB0E 0xCC04      MLA      R12,LR,R4,R12
   \   000000C4   0xF8CC 0x3008      STR      R3,[R12, #+8]
     84            }
     85            
     86            FB->CS[Fbx].CSCR |= FB_CSCR_WS(ws)    // 在内部应答信号之前加入ws个WS
     87                               | FB_CSCR_RDAH(rah)
     88                               | FB_CSCR_WRAH(wah);
   \                     ??LPLD_FlexBus_Init_2: (+1)
   \   000000C8   0x4BB8             LDR.N    R3,??LPLD_FlexBus_Init_0  ;; 0x4000c000
   \   000000CA   0xB2E4             UXTB     R4,R4            ;; ZeroExt  R4,R4,#+24,#+24
   \   000000CC   0xF05F 0x0C0C      MOVS     R12,#+12
   \   000000D0   0xFB0C 0x3304      MLA      R3,R12,R4,R3
   \   000000D4   0x689B             LDR      R3,[R3, #+8]
   \   000000D6   0xB2ED             UXTB     R5,R5            ;; ZeroExt  R5,R5,#+24,#+24
   \   000000D8   0x02AD             LSLS     R5,R5,#+10
   \   000000DA   0xF415 0x457C      ANDS     R5,R5,#0xFC00
   \   000000DE   0xB2F6             UXTB     R6,R6            ;; ZeroExt  R6,R6,#+24,#+24
   \   000000E0   0x04B6             LSLS     R6,R6,#+18
   \   000000E2   0xF416 0x2640      ANDS     R6,R6,#0xC0000
   \   000000E6   0x4335             ORRS     R5,R6,R5
   \   000000E8   0xB2FF             UXTB     R7,R7            ;; ZeroExt  R7,R7,#+24,#+24
   \   000000EA   0x043E             LSLS     R6,R7,#+16
   \   000000EC   0xF416 0x3640      ANDS     R6,R6,#0x30000
   \   000000F0   0x4335             ORRS     R5,R6,R5
   \   000000F2   0x432B             ORRS     R3,R5,R3
   \   000000F4   0x4DAD             LDR.N    R5,??LPLD_FlexBus_Init_0  ;; 0x4000c000
   \   000000F6   0xB2E4             UXTB     R4,R4            ;; ZeroExt  R4,R4,#+24,#+24
   \   000000F8   0x260C             MOVS     R6,#+12
   \   000000FA   0xFB06 0x5504      MLA      R5,R6,R4,R5
   \   000000FE   0x60AB             STR      R3,[R5, #+8]
     89            
     90            //根据寻址空间大小计算基地址掩码
     91            addr_space = (addr_space-1)>>16;
   \   00000100   0x1E40             SUBS     R0,R0,#+1
   \   00000102   0x0C00             LSRS     R0,R0,#+16
     92            FB->CS[Fbx].CSMR = FB_CSMR_BAM(addr_space)  //设置基地址掩码为128K地址空间 =2^n(n=BAM+16)
     93                          | FB_CSMR_V_MASK;    //使能CS信号
   \   00000104   0x0403             LSLS     R3,R0,#+16
   \   00000106   0xF053 0x0301      ORRS     R3,R3,#0x1
   \   0000010A   0x4DA8             LDR.N    R5,??LPLD_FlexBus_Init_0  ;; 0x4000c000
   \   0000010C   0xB2E4             UXTB     R4,R4            ;; ZeroExt  R4,R4,#+24,#+24
   \   0000010E   0x260C             MOVS     R6,#+12
   \   00000110   0xFB06 0x5504      MLA      R5,R6,R4,R5
   \   00000114   0x606B             STR      R3,[R5, #+4]
     94            
     95            //使能复用功能的FB_CSn及引脚复用
     96            if(Fbx == FB0)
   \   00000116   0xB2E4             UXTB     R4,R4            ;; ZeroExt  R4,R4,#+24,#+24
   \   00000118   0x2C00             CMP      R4,#+0
   \   0000011A   0xD104             BNE.N    ??LPLD_FlexBus_Init_3
     97            {
     98              PORTD->PCR[1]  = PORT_PCR_MUX(5);       // FB_CS0     
   \   0000011C   0xF44F 0x63A0      MOV      R3,#+1280
   \   00000120   0x4CA3             LDR.N    R4,??LPLD_FlexBus_Init_0+0x4  ;; 0x4004c004
   \   00000122   0x6023             STR      R3,[R4, #+0]
   \   00000124   0xE05E             B.N      ??LPLD_FlexBus_Init_4
     99            }
    100            else if(Fbx == FB1)
   \                     ??LPLD_FlexBus_Init_3: (+1)
   \   00000126   0xB2E4             UXTB     R4,R4            ;; ZeroExt  R4,R4,#+24,#+24
   \   00000128   0x2C01             CMP      R4,#+1
   \   0000012A   0xD110             BNE.N    ??LPLD_FlexBus_Init_5
    101            {
    102              FB->CSPMCR &= ~(FB_CSPMCR_GROUP1_MASK);
   \   0000012C   0x4BA1             LDR.N    R3,??LPLD_FlexBus_Init_0+0x8  ;; 0x4000c060
   \   0000012E   0x681B             LDR      R3,[R3, #+0]
   \   00000130   0x011B             LSLS     R3,R3,#+4        ;; ZeroExtS R3,R3,#+4,#+4
   \   00000132   0x091B             LSRS     R3,R3,#+4
   \   00000134   0x4C9F             LDR.N    R4,??LPLD_FlexBus_Init_0+0x8  ;; 0x4000c060
   \   00000136   0x6023             STR      R3,[R4, #+0]
    103              FB->CSPMCR |= FB_CSPMCR_GROUP1(1);      
   \   00000138   0x4B9E             LDR.N    R3,??LPLD_FlexBus_Init_0+0x8  ;; 0x4000c060
   \   0000013A   0x681B             LDR      R3,[R3, #+0]
   \   0000013C   0xF053 0x5380      ORRS     R3,R3,#0x10000000
   \   00000140   0x4C9C             LDR.N    R4,??LPLD_FlexBus_Init_0+0x8  ;; 0x4000c060
   \   00000142   0x6023             STR      R3,[R4, #+0]
    104              PORTD->PCR[0]  = PORT_PCR_MUX(5);       // FB_CS1  
   \   00000144   0xF44F 0x63A0      MOV      R3,#+1280
   \   00000148   0x4C9B             LDR.N    R4,??LPLD_FlexBus_Init_0+0xC  ;; 0x4004c000
   \   0000014A   0x6023             STR      R3,[R4, #+0]
   \   0000014C   0xE04A             B.N      ??LPLD_FlexBus_Init_4
    105            }
    106            else if(Fbx == FB2)
   \                     ??LPLD_FlexBus_Init_5: (+1)
   \   0000014E   0xB2E4             UXTB     R4,R4            ;; ZeroExt  R4,R4,#+24,#+24
   \   00000150   0x2C02             CMP      R4,#+2
   \   00000152   0xD110             BNE.N    ??LPLD_FlexBus_Init_6
    107            {
    108              FB->CSPMCR &= ~(FB_CSPMCR_GROUP4_MASK);
   \   00000154   0x4B97             LDR.N    R3,??LPLD_FlexBus_Init_0+0x8  ;; 0x4000c060
   \   00000156   0x681B             LDR      R3,[R3, #+0]
   \   00000158   0xF433 0x2370      BICS     R3,R3,#0xF0000
   \   0000015C   0x4C95             LDR.N    R4,??LPLD_FlexBus_Init_0+0x8  ;; 0x4000c060
   \   0000015E   0x6023             STR      R3,[R4, #+0]
    109              FB->CSPMCR |= FB_CSPMCR_GROUP4(1);     
   \   00000160   0x4B94             LDR.N    R3,??LPLD_FlexBus_Init_0+0x8  ;; 0x4000c060
   \   00000162   0x681B             LDR      R3,[R3, #+0]
   \   00000164   0xF453 0x3380      ORRS     R3,R3,#0x10000
   \   00000168   0x4C92             LDR.N    R4,??LPLD_FlexBus_Init_0+0x8  ;; 0x4000c060
   \   0000016A   0x6023             STR      R3,[R4, #+0]
    110              PORTC->PCR[18]  = PORT_PCR_MUX(5);       // FB_CS2
   \   0000016C   0xF44F 0x63A0      MOV      R3,#+1280
   \   00000170   0x4C92             LDR.N    R4,??LPLD_FlexBus_Init_0+0x10  ;; 0x4004b048
   \   00000172   0x6023             STR      R3,[R4, #+0]
   \   00000174   0xE036             B.N      ??LPLD_FlexBus_Init_4
    111            }
    112            else if(Fbx == FB3)
   \                     ??LPLD_FlexBus_Init_6: (+1)
   \   00000176   0xB2E4             UXTB     R4,R4            ;; ZeroExt  R4,R4,#+24,#+24
   \   00000178   0x2C03             CMP      R4,#+3
   \   0000017A   0xD110             BNE.N    ??LPLD_FlexBus_Init_7
    113            {
    114              FB->CSPMCR &= ~(FB_CSPMCR_GROUP5_MASK);
   \   0000017C   0x4B8D             LDR.N    R3,??LPLD_FlexBus_Init_0+0x8  ;; 0x4000c060
   \   0000017E   0x681B             LDR      R3,[R3, #+0]
   \   00000180   0xF433 0x4370      BICS     R3,R3,#0xF000
   \   00000184   0x4C8B             LDR.N    R4,??LPLD_FlexBus_Init_0+0x8  ;; 0x4000c060
   \   00000186   0x6023             STR      R3,[R4, #+0]
    115              FB->CSPMCR |= FB_CSPMCR_GROUP5(1);     
   \   00000188   0x4B8A             LDR.N    R3,??LPLD_FlexBus_Init_0+0x8  ;; 0x4000c060
   \   0000018A   0x681B             LDR      R3,[R3, #+0]
   \   0000018C   0xF453 0x5380      ORRS     R3,R3,#0x1000
   \   00000190   0x4C88             LDR.N    R4,??LPLD_FlexBus_Init_0+0x8  ;; 0x4000c060
   \   00000192   0x6023             STR      R3,[R4, #+0]
    116              PORTC->PCR[19]  = PORT_PCR_MUX(5);       // FB_CS3
   \   00000194   0xF44F 0x63A0      MOV      R3,#+1280
   \   00000198   0x4C89             LDR.N    R4,??LPLD_FlexBus_Init_0+0x14  ;; 0x4004b04c
   \   0000019A   0x6023             STR      R3,[R4, #+0]
   \   0000019C   0xE022             B.N      ??LPLD_FlexBus_Init_4
    117            }
    118            else if(Fbx == FB4)
   \                     ??LPLD_FlexBus_Init_7: (+1)
   \   0000019E   0xB2E4             UXTB     R4,R4            ;; ZeroExt  R4,R4,#+24,#+24
   \   000001A0   0x2C04             CMP      R4,#+4
   \   000001A2   0xD10E             BNE.N    ??LPLD_FlexBus_Init_8
    119            {
    120              FB->CSPMCR &= ~(FB_CSPMCR_GROUP2_MASK);
   \   000001A4   0x4B83             LDR.N    R3,??LPLD_FlexBus_Init_0+0x8  ;; 0x4000c060
   \   000001A6   0x681B             LDR      R3,[R3, #+0]
   \   000001A8   0xF033 0x6370      BICS     R3,R3,#0xF000000
   \   000001AC   0x4C81             LDR.N    R4,??LPLD_FlexBus_Init_0+0x8  ;; 0x4000c060
   \   000001AE   0x6023             STR      R3,[R4, #+0]
    121              FB->CSPMCR |= FB_CSPMCR_GROUP2(0);      
   \   000001B0   0x4B80             LDR.N    R3,??LPLD_FlexBus_Init_0+0x8  ;; 0x4000c060
   \   000001B2   0x681B             LDR      R3,[R3, #+0]
   \   000001B4   0x4C7F             LDR.N    R4,??LPLD_FlexBus_Init_0+0x8  ;; 0x4000c060
   \   000001B6   0x6023             STR      R3,[R4, #+0]
    122              PORTC->PCR[17]  = PORT_PCR_MUX(5);       // FB_CS4
   \   000001B8   0xF44F 0x63A0      MOV      R3,#+1280
   \   000001BC   0x4C81             LDR.N    R4,??LPLD_FlexBus_Init_0+0x18  ;; 0x4004b044
   \   000001BE   0x6023             STR      R3,[R4, #+0]
   \   000001C0   0xE010             B.N      ??LPLD_FlexBus_Init_4
    123            }
    124            else if(Fbx == FB5)
   \                     ??LPLD_FlexBus_Init_8: (+1)
   \   000001C2   0xB2E4             UXTB     R4,R4            ;; ZeroExt  R4,R4,#+24,#+24
   \   000001C4   0x2C05             CMP      R4,#+5
   \   000001C6   0xD10D             BNE.N    ??LPLD_FlexBus_Init_4
    125            {
    126              FB->CSPMCR &= ~(FB_CSPMCR_GROUP3_MASK);
   \   000001C8   0x4B7A             LDR.N    R3,??LPLD_FlexBus_Init_0+0x8  ;; 0x4000c060
   \   000001CA   0x681B             LDR      R3,[R3, #+0]
   \   000001CC   0xF433 0x0370      BICS     R3,R3,#0xF00000
   \   000001D0   0x4C78             LDR.N    R4,??LPLD_FlexBus_Init_0+0x8  ;; 0x4000c060
   \   000001D2   0x6023             STR      R3,[R4, #+0]
    127              FB->CSPMCR |= FB_CSPMCR_GROUP3(0);     
   \   000001D4   0x4B77             LDR.N    R3,??LPLD_FlexBus_Init_0+0x8  ;; 0x4000c060
   \   000001D6   0x681B             LDR      R3,[R3, #+0]
   \   000001D8   0x4C76             LDR.N    R4,??LPLD_FlexBus_Init_0+0x8  ;; 0x4000c060
   \   000001DA   0x6023             STR      R3,[R4, #+0]
    128              PORTC->PCR[16]  = PORT_PCR_MUX(5);       // FB_CS5
   \   000001DC   0xF44F 0x63A0      MOV      R3,#+1280
   \   000001E0   0x4C79             LDR.N    R4,??LPLD_FlexBus_Init_0+0x1C  ;; 0x4004b040
   \   000001E2   0x6023             STR      R3,[R4, #+0]
    129            }
    130            
    131            //使能总线地址、数据引脚复用功能
    132            //先使能低16位地址总线
    133            for(uint8 i=0; i<16; i++)
   \                     ??LPLD_FlexBus_Init_4: (+1)
   \   000001E4   0x2300             MOVS     R3,#+0
   \   000001E6   0xE007             B.N      ??LPLD_FlexBus_Init_9
    134            {
    135              pcr = (uint32 *)FB_PORT[i];
   \                     ??LPLD_FlexBus_Init_10: (+1)
   \   000001E8   0x4C78             LDR.N    R4,??LPLD_FlexBus_Init_0+0x20
   \   000001EA   0xB2DB             UXTB     R3,R3            ;; ZeroExt  R3,R3,#+24,#+24
   \   000001EC   0xF854 0x4023      LDR      R4,[R4, R3, LSL #+2]
    136              *pcr = PORT_PCR_MUX(5);    
   \   000001F0   0xF44F 0x65A0      MOV      R5,#+1280
   \   000001F4   0x6025             STR      R5,[R4, #+0]
    137            }
   \   000001F6   0x1C5B             ADDS     R3,R3,#+1
   \                     ??LPLD_FlexBus_Init_9: (+1)
   \   000001F8   0xB2DB             UXTB     R3,R3            ;; ZeroExt  R3,R3,#+24,#+24
   \   000001FA   0x2B10             CMP      R3,#+16
   \   000001FC   0xDBF4             BLT.N    ??LPLD_FlexBus_Init_10
    138            //使能其余的地址总线
    139            n=16;
   \   000001FE   0x2310             MOVS     R3,#+16
    140            for(uint8 i=0; i<16; i++)
   \   00000200   0x2500             MOVS     R5,#+0
   \   00000202   0xE00C             B.N      ??LPLD_FlexBus_Init_11
    141            {
    142              if((addr_space>>i)&0x01)
   \                     ??LPLD_FlexBus_Init_12: (+1)
   \   00000204   0xFA30 0xF405      LSRS     R4,R0,R5
   \   00000208   0x07E4             LSLS     R4,R4,#+31
   \   0000020A   0xD507             BPL.N    ??LPLD_FlexBus_Init_13
    143              {
    144                pcr = (uint32 *)FB_PORT[n++];
   \   0000020C   0x4C6F             LDR.N    R4,??LPLD_FlexBus_Init_0+0x20
   \   0000020E   0xB2DB             UXTB     R3,R3            ;; ZeroExt  R3,R3,#+24,#+24
   \   00000210   0xF854 0x4023      LDR      R4,[R4, R3, LSL #+2]
   \   00000214   0x1C5B             ADDS     R3,R3,#+1
    145                *pcr = PORT_PCR_MUX(5); 
   \   00000216   0xF44F 0x66A0      MOV      R6,#+1280
   \   0000021A   0x6026             STR      R6,[R4, #+0]
    146              }
    147            }
   \                     ??LPLD_FlexBus_Init_13: (+1)
   \   0000021C   0x1C6D             ADDS     R5,R5,#+1
   \                     ??LPLD_FlexBus_Init_11: (+1)
   \   0000021E   0xB2ED             UXTB     R5,R5            ;; ZeroExt  R5,R5,#+24,#+24
   \   00000220   0x2D10             CMP      R5,#+16
   \   00000222   0xDBEF             BLT.N    ??LPLD_FlexBus_Init_12
    148            //如果是32位宽，则使能高16位
    149            n=0;
   \   00000224   0x2300             MOVS     R3,#+0
    150            if(size == 0)
   \   00000226   0xB2C9             UXTB     R1,R1            ;; ZeroExt  R1,R1,#+24,#+24
   \   00000228   0x2900             CMP      R1,#+0
   \   0000022A   0xD101             BNE.N    ??LPLD_FlexBus_Init_14
    151            {   
    152              n=16;
   \   0000022C   0x2310             MOVS     R3,#+16
   \   0000022E   0xE00E             B.N      ??LPLD_FlexBus_Init_15
    153            }else if(justied==0 && size == 0x10)
   \                     ??LPLD_FlexBus_Init_14: (+1)
   \   00000230   0xB2D2             UXTB     R2,R2            ;; ZeroExt  R2,R2,#+24,#+24
   \   00000232   0x2A00             CMP      R2,#+0
   \   00000234   0xD104             BNE.N    ??LPLD_FlexBus_Init_16
   \   00000236   0xB2C9             UXTB     R1,R1            ;; ZeroExt  R1,R1,#+24,#+24
   \   00000238   0x2910             CMP      R1,#+16
   \   0000023A   0xD101             BNE.N    ??LPLD_FlexBus_Init_16
    154            {
    155              n=16;
   \   0000023C   0x2310             MOVS     R3,#+16
   \   0000023E   0xE006             B.N      ??LPLD_FlexBus_Init_15
    156            }else if(justied==0 && size == 0x01)
   \                     ??LPLD_FlexBus_Init_16: (+1)
   \   00000240   0xB2D2             UXTB     R2,R2            ;; ZeroExt  R2,R2,#+24,#+24
   \   00000242   0x2A00             CMP      R2,#+0
   \   00000244   0xD103             BNE.N    ??LPLD_FlexBus_Init_15
   \   00000246   0xB2C9             UXTB     R1,R1            ;; ZeroExt  R1,R1,#+24,#+24
   \   00000248   0x2901             CMP      R1,#+1
   \   0000024A   0xD100             BNE.N    ??LPLD_FlexBus_Init_15
    157            {
    158              n=8;
   \   0000024C   0x2308             MOVS     R3,#+8
    159            }
    160            if(n!=0)
   \                     ??LPLD_FlexBus_Init_15: (+1)
   \   0000024E   0xB2DB             UXTB     R3,R3            ;; ZeroExt  R3,R3,#+24,#+24
   \   00000250   0x2B00             CMP      R3,#+0
   \   00000252   0xD00F             BEQ.N    ??LPLD_FlexBus_Init_17
    161            {
    162              for(uint8 i=31; i>31-n; i--)
   \   00000254   0x201F             MOVS     R0,#+31
   \   00000256   0xE007             B.N      ??LPLD_FlexBus_Init_18
    163              {
    164                pcr = (uint32 *)FB_PORT[i];
   \                     ??LPLD_FlexBus_Init_19: (+1)
   \   00000258   0x495C             LDR.N    R1,??LPLD_FlexBus_Init_0+0x20
   \   0000025A   0xB2C0             UXTB     R0,R0            ;; ZeroExt  R0,R0,#+24,#+24
   \   0000025C   0xF851 0x4020      LDR      R4,[R1, R0, LSL #+2]
    165                *pcr = PORT_PCR_MUX(5);    
   \   00000260   0xF44F 0x61A0      MOV      R1,#+1280
   \   00000264   0x6021             STR      R1,[R4, #+0]
    166              }
   \   00000266   0x1E40             SUBS     R0,R0,#+1
   \                     ??LPLD_FlexBus_Init_18: (+1)
   \   00000268   0xB2DB             UXTB     R3,R3            ;; ZeroExt  R3,R3,#+24,#+24
   \   0000026A   0xF1D3 0x011F      RSBS     R1,R3,#+31
   \   0000026E   0xB2C0             UXTB     R0,R0            ;; ZeroExt  R0,R0,#+24,#+24
   \   00000270   0x4281             CMP      R1,R0
   \   00000272   0xDBF1             BLT.N    ??LPLD_FlexBus_Init_19
    167            }
    168            
    169            //控制信号线
    170            //PORTB->PCR[19] = PORT_PCR_MUX(5);          // fb_oe_b
    171            //PORTC->PCR[11] = PORT_PCR_MUX(5);          // fb_rw_b  
    172             //PORTC->PCR[16] = PORT_PCR_MUX(5);          // fb_rw_b            
    173              SIM->SCGC5 |= (SIM_SCGC5_PORTA_MASK | SIM_SCGC5_PORTB_MASK | SIM_SCGC5_PORTC_MASK | SIM_SCGC5_PORTD_MASK | SIM_SCGC5_PORTE_MASK);
   \                     ??LPLD_FlexBus_Init_17: (+1)
   \   00000274   0x4856             LDR.N    R0,??LPLD_FlexBus_Init_0+0x24  ;; 0x40048038
   \   00000276   0x6800             LDR      R0,[R0, #+0]
   \   00000278   0xF450 0x5078      ORRS     R0,R0,#0x3E00
   \   0000027C   0x4954             LDR.N    R1,??LPLD_FlexBus_Init_0+0x24  ;; 0x40048038
   \   0000027E   0x6008             STR      R0,[R1, #+0]
    174              /*control signals */
    175              PORTB->PCR[19] = PORT_PCR_MUX(5)|PORT_PCR_DSE_MASK;          // FB_OE
   \   00000280   0xF44F 0x60A8      MOV      R0,#+1344
   \   00000284   0x4953             LDR.N    R1,??LPLD_FlexBus_Init_0+0x28  ;; 0x4004a04c
   \   00000286   0x6008             STR      R0,[R1, #+0]
    176              PORTD->PCR[1]  = PORT_PCR_MUX(5)|PORT_PCR_DSE_MASK;          // CS0
   \   00000288   0xF44F 0x60A8      MOV      R0,#+1344
   \   0000028C   0x4948             LDR.N    R1,??LPLD_FlexBus_Init_0+0x4  ;; 0x4004c004
   \   0000028E   0x6008             STR      R0,[R1, #+0]
    177              PORTA->PCR[26] = PORT_PCR_MUX(6)|PORT_PCR_DSE_MASK;          // A27
   \   00000290   0xF44F 0x60C8      MOV      R0,#+1600
   \   00000294   0x4950             LDR.N    R1,??LPLD_FlexBus_Init_0+0x2C  ;; 0x40049068
   \   00000296   0x6008             STR      R0,[R1, #+0]
    178              PORTC->PCR[16] = PORT_PCR_MUX(5)|PORT_PCR_DSE_MASK;          // FB_BE_23_16
   \   00000298   0xF44F 0x60A8      MOV      R0,#+1344
   \   0000029C   0x494A             LDR.N    R1,??LPLD_FlexBus_Init_0+0x1C  ;; 0x4004b040
   \   0000029E   0x6008             STR      R0,[R1, #+0]
    179              
    180              
    181              PORTB->PCR[18] = PORT_PCR_MUX(5)|PORT_PCR_DSE_MASK;           //  FB_AD15
   \   000002A0   0xF44F 0x60A8      MOV      R0,#+1344
   \   000002A4   0x494D             LDR.N    R1,??LPLD_FlexBus_Init_0+0x30  ;; 0x4004a048
   \   000002A6   0x6008             STR      R0,[R1, #+0]
    182              PORTC->PCR[0]  = PORT_PCR_MUX(5)|PORT_PCR_DSE_MASK;           //  FB_AD14
   \   000002A8   0xF44F 0x60A8      MOV      R0,#+1344
   \   000002AC   0x494C             LDR.N    R1,??LPLD_FlexBus_Init_0+0x34  ;; 0x4004b000
   \   000002AE   0x6008             STR      R0,[R1, #+0]
    183              PORTC->PCR[1]  = PORT_PCR_MUX(5)|PORT_PCR_DSE_MASK;           //  FB_AD13
   \   000002B0   0xF44F 0x60A8      MOV      R0,#+1344
   \   000002B4   0x494B             LDR.N    R1,??LPLD_FlexBus_Init_0+0x38  ;; 0x4004b004
   \   000002B6   0x6008             STR      R0,[R1, #+0]
    184              PORTC->PCR[2]  = PORT_PCR_MUX(5)|PORT_PCR_DSE_MASK;           //  FB_AD12
   \   000002B8   0xF44F 0x60A8      MOV      R0,#+1344
   \   000002BC   0x494A             LDR.N    R1,??LPLD_FlexBus_Init_0+0x3C  ;; 0x4004b008
   \   000002BE   0x6008             STR      R0,[R1, #+0]
    185              PORTC->PCR[4]  = PORT_PCR_MUX(5)|PORT_PCR_DSE_MASK;           //  FB_AD11
   \   000002C0   0xF44F 0x60A8      MOV      R0,#+1344
   \   000002C4   0x4949             LDR.N    R1,??LPLD_FlexBus_Init_0+0x40  ;; 0x4004b010
   \   000002C6   0x6008             STR      R0,[R1, #+0]
    186              PORTC->PCR[5]  = PORT_PCR_MUX(5)|PORT_PCR_DSE_MASK;           //  FB_AD10
   \   000002C8   0xF44F 0x60A8      MOV      R0,#+1344
   \   000002CC   0x4948             LDR.N    R1,??LPLD_FlexBus_Init_0+0x44  ;; 0x4004b014
   \   000002CE   0x6008             STR      R0,[R1, #+0]
    187              PORTC->PCR[6]  = PORT_PCR_MUX(5)|PORT_PCR_DSE_MASK;           //  FB_AD9
   \   000002D0   0xF44F 0x60A8      MOV      R0,#+1344
   \   000002D4   0x4947             LDR.N    R1,??LPLD_FlexBus_Init_0+0x48  ;; 0x4004b018
   \   000002D6   0x6008             STR      R0,[R1, #+0]
    188              PORTC->PCR[7]  = PORT_PCR_MUX(5)|PORT_PCR_DSE_MASK;           //  FB_AD8
   \   000002D8   0xF44F 0x60A8      MOV      R0,#+1344
   \   000002DC   0x4946             LDR.N    R1,??LPLD_FlexBus_Init_0+0x4C  ;; 0x4004b01c
   \   000002DE   0x6008             STR      R0,[R1, #+0]
    189              PORTC->PCR[8]  = PORT_PCR_MUX(5)|PORT_PCR_DSE_MASK;           //  FB_AD7
   \   000002E0   0xF44F 0x60A8      MOV      R0,#+1344
   \   000002E4   0x4945             LDR.N    R1,??LPLD_FlexBus_Init_0+0x50  ;; 0x4004b020
   \   000002E6   0x6008             STR      R0,[R1, #+0]
    190              PORTC->PCR[9]  = PORT_PCR_MUX(5)|PORT_PCR_DSE_MASK;           //  FB_AD6
   \   000002E8   0xF44F 0x60A8      MOV      R0,#+1344
   \   000002EC   0x4944             LDR.N    R1,??LPLD_FlexBus_Init_0+0x54  ;; 0x4004b024
   \   000002EE   0x6008             STR      R0,[R1, #+0]
    191              PORTC->PCR[10] = PORT_PCR_MUX(5)|PORT_PCR_DSE_MASK;           //  FB_AD5
   \   000002F0   0xF44F 0x60A8      MOV      R0,#+1344
   \   000002F4   0x4943             LDR.N    R1,??LPLD_FlexBus_Init_0+0x58  ;; 0x4004b028
   \   000002F6   0x6008             STR      R0,[R1, #+0]
    192              PORTD->PCR[2]  = PORT_PCR_MUX(5)|PORT_PCR_DSE_MASK;           //  FB_AD4
   \   000002F8   0xF44F 0x60A8      MOV      R0,#+1344
   \   000002FC   0x4942             LDR.N    R1,??LPLD_FlexBus_Init_0+0x5C  ;; 0x4004c008
   \   000002FE   0x6008             STR      R0,[R1, #+0]
    193              PORTD->PCR[3]  = PORT_PCR_MUX(5)|PORT_PCR_DSE_MASK;           //  FB_AD3
   \   00000300   0xF44F 0x60A8      MOV      R0,#+1344
   \   00000304   0x4941             LDR.N    R1,??LPLD_FlexBus_Init_0+0x60  ;; 0x4004c00c
   \   00000306   0x6008             STR      R0,[R1, #+0]
    194              PORTD->PCR[4]  = PORT_PCR_MUX(5)|PORT_PCR_DSE_MASK;           //  FB_AD2
   \   00000308   0xF44F 0x60A8      MOV      R0,#+1344
   \   0000030C   0x4940             LDR.N    R1,??LPLD_FlexBus_Init_0+0x64  ;; 0x4004c010
   \   0000030E   0x6008             STR      R0,[R1, #+0]
    195              PORTD->PCR[5]  = PORT_PCR_MUX(5)|PORT_PCR_DSE_MASK;           //  FB_AD1
   \   00000310   0xF44F 0x60A8      MOV      R0,#+1344
   \   00000314   0x493F             LDR.N    R1,??LPLD_FlexBus_Init_0+0x68  ;; 0x4004c014
   \   00000316   0x6008             STR      R0,[R1, #+0]
    196              PORTD->PCR[6]  = PORT_PCR_MUX(5)|PORT_PCR_DSE_MASK;           //  FB_AD0
   \   00000318   0xF44F 0x60A8      MOV      R0,#+1344
   \   0000031C   0x493E             LDR.N    R1,??LPLD_FlexBus_Init_0+0x6C  ;; 0x4004c018
   \   0000031E   0x6008             STR      R0,[R1, #+0]
    197              
    198              
    199              PORTB->PCR[17]  = PORT_PCR_MUX(5)|PORT_PCR_DSE_MASK;           //  FB_AD16
   \   00000320   0xF44F 0x60A8      MOV      R0,#+1344
   \   00000324   0x493D             LDR.N    R1,??LPLD_FlexBus_Init_0+0x70  ;; 0x4004a044
   \   00000326   0x6008             STR      R0,[R1, #+0]
    200              PORTB->PCR[16]  = PORT_PCR_MUX(5)|PORT_PCR_DSE_MASK;           //  FB_AD17
   \   00000328   0xF44F 0x60A8      MOV      R0,#+1344
   \   0000032C   0x493C             LDR.N    R1,??LPLD_FlexBus_Init_0+0x74  ;; 0x4004a040
   \   0000032E   0x6008             STR      R0,[R1, #+0]
    201              PORTB->PCR[11]  = PORT_PCR_MUX(5)|PORT_PCR_DSE_MASK;           //  FB_AD18
   \   00000330   0xF44F 0x60A8      MOV      R0,#+1344
   \   00000334   0x493B             LDR.N    R1,??LPLD_FlexBus_Init_0+0x78  ;; 0x4004a02c
   \   00000336   0x6008             STR      R0,[R1, #+0]
    202              PORTB->PCR[10]  = PORT_PCR_MUX(5)|PORT_PCR_DSE_MASK;           //  FB_AD19
   \   00000338   0xF44F 0x60A8      MOV      R0,#+1344
   \   0000033C   0x493A             LDR.N    R1,??LPLD_FlexBus_Init_0+0x7C  ;; 0x4004a028
   \   0000033E   0x6008             STR      R0,[R1, #+0]
    203              PORTB->PCR[9]  = PORT_PCR_MUX(5)|PORT_PCR_DSE_MASK;           //  FB_AD20
   \   00000340   0xF44F 0x60A8      MOV      R0,#+1344
   \   00000344   0x4939             LDR.N    R1,??LPLD_FlexBus_Init_0+0x80  ;; 0x4004a024
   \   00000346   0x6008             STR      R0,[R1, #+0]
    204              PORTB->PCR[8]  = PORT_PCR_MUX(5)|PORT_PCR_DSE_MASK;           //  FB_AD21
   \   00000348   0xF44F 0x60A8      MOV      R0,#+1344
   \   0000034C   0x4938             LDR.N    R1,??LPLD_FlexBus_Init_0+0x84  ;; 0x4004a020
   \   0000034E   0x6008             STR      R0,[R1, #+0]
    205              PORTB->PCR[7]  = PORT_PCR_MUX(5)|PORT_PCR_DSE_MASK;           //  FB_AD22
   \   00000350   0xF44F 0x60A8      MOV      R0,#+1344
   \   00000354   0x4937             LDR.N    R1,??LPLD_FlexBus_Init_0+0x88  ;; 0x4004a01c
   \   00000356   0x6008             STR      R0,[R1, #+0]
    206              PORTB->PCR[6]  = PORT_PCR_MUX(5)|PORT_PCR_DSE_MASK;           //  FB_AD23
   \   00000358   0xF44F 0x60A8      MOV      R0,#+1344
   \   0000035C   0x4936             LDR.N    R1,??LPLD_FlexBus_Init_0+0x8C  ;; 0x4004a018
   \   0000035E   0x6008             STR      R0,[R1, #+0]
    207              PORTC->PCR[15]  = PORT_PCR_MUX(5)|PORT_PCR_DSE_MASK;           //  FB_AD24
   \   00000360   0xF44F 0x60A8      MOV      R0,#+1344
   \   00000364   0x4935             LDR.N    R1,??LPLD_FlexBus_Init_0+0x90  ;; 0x4004b03c
   \   00000366   0x6008             STR      R0,[R1, #+0]
    208              PORTC->PCR[14]  = PORT_PCR_MUX(5)|PORT_PCR_DSE_MASK;           //  FB_AD25
   \   00000368   0xF44F 0x60A8      MOV      R0,#+1344
   \   0000036C   0x4934             LDR.N    R1,??LPLD_FlexBus_Init_0+0x94  ;; 0x4004b038
   \   0000036E   0x6008             STR      R0,[R1, #+0]
    209              PORTC->PCR[13]  = PORT_PCR_MUX(5)|PORT_PCR_DSE_MASK;           //  FB_AD26
   \   00000370   0xF44F 0x60A8      MOV      R0,#+1344
   \   00000374   0x4933             LDR.N    R1,??LPLD_FlexBus_Init_0+0x98  ;; 0x4004b034
   \   00000376   0x6008             STR      R0,[R1, #+0]
    210              PORTC->PCR[12]  = PORT_PCR_MUX(5)|PORT_PCR_DSE_MASK;           //  FB_AD27
   \   00000378   0xF44F 0x60A8      MOV      R0,#+1344
   \   0000037C   0x4932             LDR.N    R1,??LPLD_FlexBus_Init_0+0x9C  ;; 0x4004b030
   \   0000037E   0x6008             STR      R0,[R1, #+0]
    211              PORTB->PCR[23]  = PORT_PCR_MUX(5)|PORT_PCR_DSE_MASK;           //  FB_AD28
   \   00000380   0xF44F 0x60A8      MOV      R0,#+1344
   \   00000384   0x4931             LDR.N    R1,??LPLD_FlexBus_Init_0+0xA0  ;; 0x4004a05c
   \   00000386   0x6008             STR      R0,[R1, #+0]
    212              PORTB->PCR[22]  = PORT_PCR_MUX(5)|PORT_PCR_DSE_MASK;           //  FB_AD29
   \   00000388   0xF44F 0x60A8      MOV      R0,#+1344
   \   0000038C   0x4930             LDR.N    R1,??LPLD_FlexBus_Init_0+0xA4  ;; 0x4004a058
   \   0000038E   0x6008             STR      R0,[R1, #+0]
    213              PORTB->PCR[21]  = PORT_PCR_MUX(5)|PORT_PCR_DSE_MASK;           //  FB_AD30
   \   00000390   0xF44F 0x60A8      MOV      R0,#+1344
   \   00000394   0x492F             LDR.N    R1,??LPLD_FlexBus_Init_0+0xA8  ;; 0x4004a054
   \   00000396   0x6008             STR      R0,[R1, #+0]
    214              PORTB->PCR[20]  = PORT_PCR_MUX(5)|PORT_PCR_DSE_MASK;           //  FB_AD31 
   \   00000398   0xF44F 0x60A8      MOV      R0,#+1344
   \   0000039C   0x492E             LDR.N    R1,??LPLD_FlexBus_Init_0+0xAC  ;; 0x4004a050
   \   0000039E   0x6008             STR      R0,[R1, #+0]
    215            return 1;
   \   000003A0   0x2001             MOVS     R0,#+1
   \   000003A2   0xE8BD 0x07F0      POP      {R4-R10}
   \   000003A6   0xF85D 0xFB14      LDR      PC,[SP], #+20    ;; return
   \   000003AA   0xBF00             Nop      
   \                     ??LPLD_FlexBus_Init_0:
   \   000003AC   0x4000C000         DC32     0x4000c000
   \   000003B0   0x4004C004         DC32     0x4004c004
   \   000003B4   0x4000C060         DC32     0x4000c060
   \   000003B8   0x4004C000         DC32     0x4004c000
   \   000003BC   0x4004B048         DC32     0x4004b048
   \   000003C0   0x4004B04C         DC32     0x4004b04c
   \   000003C4   0x4004B044         DC32     0x4004b044
   \   000003C8   0x4004B040         DC32     0x4004b040
   \   000003CC   0x........         DC32     FB_PORT
   \   000003D0   0x40048038         DC32     0x40048038
   \   000003D4   0x4004A04C         DC32     0x4004a04c
   \   000003D8   0x40049068         DC32     0x40049068
   \   000003DC   0x4004A048         DC32     0x4004a048
   \   000003E0   0x4004B000         DC32     0x4004b000
   \   000003E4   0x4004B004         DC32     0x4004b004
   \   000003E8   0x4004B008         DC32     0x4004b008
   \   000003EC   0x4004B010         DC32     0x4004b010
   \   000003F0   0x4004B014         DC32     0x4004b014
   \   000003F4   0x4004B018         DC32     0x4004b018
   \   000003F8   0x4004B01C         DC32     0x4004b01c
   \   000003FC   0x4004B020         DC32     0x4004b020
   \   00000400   0x4004B024         DC32     0x4004b024
   \   00000404   0x4004B028         DC32     0x4004b028
   \   00000408   0x4004C008         DC32     0x4004c008
   \   0000040C   0x4004C00C         DC32     0x4004c00c
   \   00000410   0x4004C010         DC32     0x4004c010
   \   00000414   0x4004C014         DC32     0x4004c014
   \   00000418   0x4004C018         DC32     0x4004c018
   \   0000041C   0x4004A044         DC32     0x4004a044
   \   00000420   0x4004A040         DC32     0x4004a040
   \   00000424   0x4004A02C         DC32     0x4004a02c
   \   00000428   0x4004A028         DC32     0x4004a028
   \   0000042C   0x4004A024         DC32     0x4004a024
   \   00000430   0x4004A020         DC32     0x4004a020
   \   00000434   0x4004A01C         DC32     0x4004a01c
   \   00000438   0x4004A018         DC32     0x4004a018
   \   0000043C   0x4004B03C         DC32     0x4004b03c
   \   00000440   0x4004B038         DC32     0x4004b038
   \   00000444   0x4004B034         DC32     0x4004b034
   \   00000448   0x4004B030         DC32     0x4004b030
   \   0000044C   0x4004A05C         DC32     0x4004a05c
   \   00000450   0x4004A058         DC32     0x4004a058
   \   00000454   0x4004A054         DC32     0x4004a054
   \   00000458   0x4004A050         DC32     0x4004a050
    216          }

   Maximum stack usage in bytes:

   .cstack Function
   ------- --------
      48   LPLD_FlexBus_Init


   Section sizes:

   Bytes  Function/Label
   -----  --------------
     128  FB_PORT
    1116  LPLD_FlexBus_Init

 
   128 bytes in section .data
 1 116 bytes in section .text
 
 1 116 bytes of CODE memory
   128 bytes of DATA memory

Errors: none
Warnings: none
